<?xml version="1.0" encoding="UTF-8" standalone="no"?>
<!DOCTYPE log SYSTEM "logger.dtd">
<log>
<record>
  <date>2020-12-14T15:45:28</date>
  <millis>1607960728163</millis>
  <sequence>100</sequence>
  <logger>Main</logger>
  <level>INFO</level>
  <class>SearchEngineSample</class>
  <method>createIndex</method>
  <thread>1</thread>
  <message>Creating Index</message>
</record>
<record>
  <date>2020-12-14T15:45:33</date>
  <millis>1607960733818</millis>
  <sequence>101</sequence>
  <logger>Main</logger>
  <level>INFO</level>
  <class>SearchEngineSample</class>
  <method>indexArguments</method>
  <thread>1</thread>
  <message>Indexed 0.000261 of the arguments current id is afd62ce-2019-04-18T16:16:13Z-00000-000 </message>
</record>
</log>
